<?xml version="1.0" encoding="UTF-8"?>
<testsuite xmlns:xsi="http://www.w3.org/2001/XMLSchema-instance" xsi:noNamespaceSchemaLocation="https://maven.apache.org/surefire/maven-surefire-plugin/xsd/surefire-test-report-3.0.xsd" version="3.0" name="tests.runner.CucumberTest" time="0.346" tests="4" errors="0" skipped="0" failures="0">
  <properties>
    <property name="java.specification.version" value="19"/>
    <property name="sun.cpu.isalist" value="amd64"/>
    <property name="sun.jnu.encoding" value="Cp1252"/>
    <property name="java.class.path" value="C:\Users\jakob\Documents\DTU\3_year\Bachelor\midplan\target\test-classes;C:\Users\jakob\.m2\repository\io\cucumber\cucumber-java\7.0.0\cucumber-java-7.0.0.jar;C:\Users\jakob\.m2\repository\io\cucumber\cucumber-core\7.0.0\cucumber-core-7.0.0.jar;C:\Users\jakob\.m2\repository\io\cucumber\cucumber-gherkin\7.0.0\cucumber-gherkin-7.0.0.jar;C:\Users\jakob\.m2\repository\io\cucumber\cucumber-gherkin-messages\7.0.0\cucumber-gherkin-messages-7.0.0.jar;C:\Users\jakob\.m2\repository\io\cucumber\messages\17.1.1\messages-17.1.1.jar;C:\Users\jakob\.m2\repository\io\cucumber\tag-expressions\4.0.2\tag-expressions-4.0.2.jar;C:\Users\jakob\.m2\repository\io\cucumber\cucumber-expressions\13.0.1\cucumber-expressions-13.0.1.jar;C:\Users\jakob\.m2\repository\io\cucumber\datatable\7.0.0\datatable-7.0.0.jar;C:\Users\jakob\.m2\repository\io\cucumber\cucumber-plugin\7.0.0\cucumber-plugin-7.0.0.jar;C:\Users\jakob\.m2\repository\io\cucumber\docstring\7.0.0\docstring-7.0.0.jar;C:\Users\jakob\.m2\repository\io\cucumber\html-formatter\17.0.0\html-formatter-17.0.0.jar;C:\Users\jakob\.m2\repository\io\cucumber\create-meta\6.0.1\create-meta-6.0.1.jar;C:\Users\jakob\.m2\repository\org\apiguardian\apiguardian-api\1.1.2\apiguardian-api-1.1.2.jar;C:\Users\jakob\.m2\repository\io\cucumber\cucumber-junit\7.0.0\cucumber-junit-7.0.0.jar;C:\Users\jakob\.m2\repository\junit\junit\4.13.2\junit-4.13.2.jar;C:\Users\jakob\.m2\repository\org\hamcrest\hamcrest-core\1.3\hamcrest-core-1.3.jar;C:\Users\jakob\.m2\repository\org\openjfx\javafx-controls\19\javafx-controls-19.jar;C:\Users\jakob\.m2\repository\org\openjfx\javafx-fxml\19\javafx-fxml-19.jar;C:\Users\jakob\.m2\repository\org\openjfx\javafx-graphics\19\javafx-graphics-19.jar;C:\Users\jakob\.m2\repository\org\openjfx\javafx-base\19\javafx-base-19.jar;C:\Users\jakob\.m2\repository\org\openjfx\javafx-web\19\javafx-web-19.jar;C:\Users\jakob\.m2\repository\org\openjfx\javafx-web\19\javafx-web-19-win.jar;C:\Users\jakob\.m2\repository\org\openjfx\javafx-media\19\javafx-media-19.jar;C:\Users\jakob\.m2\repository\org\openjfx\javafx-media\19\javafx-media-19-win.jar;C:\Users\jakob\.m2\repository\com\akathist\maven\plugins\launch4j\launch4j-maven-plugin\2.5.1\launch4j-maven-plugin-2.5.1.jar;C:\Users\jakob\.m2\repository\net\sf\launch4j\launch4j\3.50\launch4j-3.50-core.jar;C:\Users\jakob\.m2\repository\commons-beanutils\commons-beanutils\1.9.4\commons-beanutils-1.9.4.jar;C:\Users\jakob\.m2\repository\com\jgoodies\jgoodies-common\1.7.0\jgoodies-common-1.7.0.jar;C:\Users\jakob\.m2\repository\com\jgoodies\forms\1.2.1\forms-1.2.1.jar;C:\Users\jakob\.m2\repository\com\formdev\flatlaf\1.0\flatlaf-1.0.jar;C:\Users\jakob\.m2\repository\org\apache\ant\ant\1.10.14\ant-1.10.14.jar;C:\Users\jakob\.m2\repository\org\apache\ant\ant-launcher\1.10.14\ant-launcher-1.10.14.jar;C:\Users\jakob\.m2\repository\com\thoughtworks\xstream\xstream\1.4.20\xstream-1.4.20.jar;C:\Users\jakob\.m2\repository\io\github\x-stream\mxparser\1.2.2\mxparser-1.2.2.jar;C:\Users\jakob\.m2\repository\xmlpull\xmlpull\1.1.3.1\xmlpull-1.1.3.1.jar;C:\Users\jakob\.m2\repository\org\apache\commons\commons-lang3\3.14.0\commons-lang3-3.14.0.jar;C:\Users\jakob\.m2\repository\org\apache\pdfbox\fontbox\2.0.29\fontbox-2.0.29.jar;C:\Users\jakob\.m2\repository\commons-logging\commons-logging\1.2\commons-logging-1.2.jar;"/>
    <property name="java.vm.vendor" value="Oracle Corporation"/>
    <property name="sun.arch.data.model" value="64"/>
    <property name="user.variant" value=""/>
    <property name="java.vendor.url" value="https://java.oracle.com/"/>
    <property name="user.timezone" value="Europe/Copenhagen"/>
    <property name="os.name" value="Windows 11"/>
    <property name="java.vm.specification.version" value="19"/>
    <property name="sun.java.launcher" value="SUN_STANDARD"/>
    <property name="user.country" value="DK"/>
    <property name="sun.boot.library.path" value="C:\Program Files\Java\jdk-19+fx-19\bin"/>
    <property name="sun.java.command" value="org.apache.maven.surefire.booter.ForkedBooter C:\Users\jakob\AppData\Local\Temp\surefire14825076398994802512 2024-12-22T11-33-26_112-jvmRun1 surefire-20241222113326419_1tmp surefire_0-20241222113326419_2tmp"/>
    <property name="jdk.debug" value="release"/>
    <property name="surefire.test.class.path" value="C:\Users\jakob\Documents\DTU\3_year\Bachelor\midplan\target\test-classes;C:\Users\jakob\.m2\repository\io\cucumber\cucumber-java\7.0.0\cucumber-java-7.0.0.jar;C:\Users\jakob\.m2\repository\io\cucumber\cucumber-core\7.0.0\cucumber-core-7.0.0.jar;C:\Users\jakob\.m2\repository\io\cucumber\cucumber-gherkin\7.0.0\cucumber-gherkin-7.0.0.jar;C:\Users\jakob\.m2\repository\io\cucumber\cucumber-gherkin-messages\7.0.0\cucumber-gherkin-messages-7.0.0.jar;C:\Users\jakob\.m2\repository\io\cucumber\messages\17.1.1\messages-17.1.1.jar;C:\Users\jakob\.m2\repository\io\cucumber\tag-expressions\4.0.2\tag-expressions-4.0.2.jar;C:\Users\jakob\.m2\repository\io\cucumber\cucumber-expressions\13.0.1\cucumber-expressions-13.0.1.jar;C:\Users\jakob\.m2\repository\io\cucumber\datatable\7.0.0\datatable-7.0.0.jar;C:\Users\jakob\.m2\repository\io\cucumber\cucumber-plugin\7.0.0\cucumber-plugin-7.0.0.jar;C:\Users\jakob\.m2\repository\io\cucumber\docstring\7.0.0\docstring-7.0.0.jar;C:\Users\jakob\.m2\repository\io\cucumber\html-formatter\17.0.0\html-formatter-17.0.0.jar;C:\Users\jakob\.m2\repository\io\cucumber\create-meta\6.0.1\create-meta-6.0.1.jar;C:\Users\jakob\.m2\repository\org\apiguardian\apiguardian-api\1.1.2\apiguardian-api-1.1.2.jar;C:\Users\jakob\.m2\repository\io\cucumber\cucumber-junit\7.0.0\cucumber-junit-7.0.0.jar;C:\Users\jakob\.m2\repository\junit\junit\4.13.2\junit-4.13.2.jar;C:\Users\jakob\.m2\repository\org\hamcrest\hamcrest-core\1.3\hamcrest-core-1.3.jar;C:\Users\jakob\.m2\repository\org\openjfx\javafx-controls\19\javafx-controls-19.jar;C:\Users\jakob\.m2\repository\org\openjfx\javafx-fxml\19\javafx-fxml-19.jar;C:\Users\jakob\.m2\repository\org\openjfx\javafx-graphics\19\javafx-graphics-19.jar;C:\Users\jakob\.m2\repository\org\openjfx\javafx-base\19\javafx-base-19.jar;C:\Users\jakob\.m2\repository\org\openjfx\javafx-web\19\javafx-web-19.jar;C:\Users\jakob\.m2\repository\org\openjfx\javafx-web\19\javafx-web-19-win.jar;C:\Users\jakob\.m2\repository\org\openjfx\javafx-media\19\javafx-media-19.jar;C:\Users\jakob\.m2\repository\org\openjfx\javafx-media\19\javafx-media-19-win.jar;C:\Users\jakob\.m2\repository\com\akathist\maven\plugins\launch4j\launch4j-maven-plugin\2.5.1\launch4j-maven-plugin-2.5.1.jar;C:\Users\jakob\.m2\repository\net\sf\launch4j\launch4j\3.50\launch4j-3.50-core.jar;C:\Users\jakob\.m2\repository\commons-beanutils\commons-beanutils\1.9.4\commons-beanutils-1.9.4.jar;C:\Users\jakob\.m2\repository\com\jgoodies\jgoodies-common\1.7.0\jgoodies-common-1.7.0.jar;C:\Users\jakob\.m2\repository\com\jgoodies\forms\1.2.1\forms-1.2.1.jar;C:\Users\jakob\.m2\repository\com\formdev\flatlaf\1.0\flatlaf-1.0.jar;C:\Users\jakob\.m2\repository\org\apache\ant\ant\1.10.14\ant-1.10.14.jar;C:\Users\jakob\.m2\repository\org\apache\ant\ant-launcher\1.10.14\ant-launcher-1.10.14.jar;C:\Users\jakob\.m2\repository\com\thoughtworks\xstream\xstream\1.4.20\xstream-1.4.20.jar;C:\Users\jakob\.m2\repository\io\github\x-stream\mxparser\1.2.2\mxparser-1.2.2.jar;C:\Users\jakob\.m2\repository\xmlpull\xmlpull\1.1.3.1\xmlpull-1.1.3.1.jar;C:\Users\jakob\.m2\repository\org\apache\commons\commons-lang3\3.14.0\commons-lang3-3.14.0.jar;C:\Users\jakob\.m2\repository\org\apache\pdfbox\fontbox\2.0.29\fontbox-2.0.29.jar;C:\Users\jakob\.m2\repository\commons-logging\commons-logging\1.2\commons-logging-1.2.jar;"/>
    <property name="sun.cpu.endian" value="little"/>
    <property name="user.home" value="C:\Users\jakob"/>
    <property name="user.language" value="da"/>
    <property name="java.specification.vendor" value="Oracle Corporation"/>
    <property name="jdk.module.path" value="C:\Users\jakob\Documents\DTU\3_year\Bachelor\midplan\target\classes;C:\Users\jakob\.m2\repository\org\openjfx\javafx-controls\19\javafx-controls-19-win.jar;C:\Users\jakob\.m2\repository\org\openjfx\javafx-fxml\19\javafx-fxml-19-win.jar;C:\Users\jakob\.m2\repository\org\openjfx\javafx-graphics\19\javafx-graphics-19-win.jar;C:\Users\jakob\.m2\repository\org\openjfx\javafx-base\19\javafx-base-19-win.jar;C:\Users\jakob\.m2\repository\org\apache\pdfbox\pdfbox\2.0.29\pdfbox-2.0.29.jar"/>
    <property name="java.version.date" value="2022-10-18"/>
    <property name="java.home" value="C:\Program Files\Java\jdk-19+fx-19"/>
    <property name="file.separator" value="\"/>
    <property name="basedir" value="C:\Users\jakob\Documents\DTU\3_year\Bachelor\midplan"/>
    <property name="java.vm.compressedOopsMode" value="Zero based"/>
    <property name="line.separator" value="&#10;"/>
    <property name="java.vm.specification.vendor" value="Oracle Corporation"/>
    <property name="java.specification.name" value="Java Platform API Specification"/>
    <property name="surefire.real.class.path" value="C:\Users\jakob\.m2\repository\org\apache\maven\surefire\surefire-booter\3.2.2\surefire-booter-3.2.2.jar;C:\Users\jakob\.m2\repository\org\apache\maven\surefire\surefire-api\3.2.2\surefire-api-3.2.2.jar;C:\Users\jakob\.m2\repository\org\apache\maven\surefire\surefire-logger-api\3.2.2\surefire-logger-api-3.2.2.jar;C:\Users\jakob\.m2\repository\org\apache\maven\surefire\surefire-shared-utils\3.2.2\surefire-shared-utils-3.2.2.jar;C:\Users\jakob\.m2\repository\org\apache\maven\surefire\surefire-extensions-spi\3.2.2\surefire-extensions-spi-3.2.2.jar;C:\Users\jakob\Documents\DTU\3_year\Bachelor\midplan\target\test-classes;C:\Users\jakob\.m2\repository\io\cucumber\cucumber-java\7.0.0\cucumber-java-7.0.0.jar;C:\Users\jakob\.m2\repository\io\cucumber\cucumber-core\7.0.0\cucumber-core-7.0.0.jar;C:\Users\jakob\.m2\repository\io\cucumber\cucumber-gherkin\7.0.0\cucumber-gherkin-7.0.0.jar;C:\Users\jakob\.m2\repository\io\cucumber\cucumber-gherkin-messages\7.0.0\cucumber-gherkin-messages-7.0.0.jar;C:\Users\jakob\.m2\repository\io\cucumber\messages\17.1.1\messages-17.1.1.jar;C:\Users\jakob\.m2\repository\io\cucumber\tag-expressions\4.0.2\tag-expressions-4.0.2.jar;C:\Users\jakob\.m2\repository\io\cucumber\cucumber-expressions\13.0.1\cucumber-expressions-13.0.1.jar;C:\Users\jakob\.m2\repository\io\cucumber\datatable\7.0.0\datatable-7.0.0.jar;C:\Users\jakob\.m2\repository\io\cucumber\cucumber-plugin\7.0.0\cucumber-plugin-7.0.0.jar;C:\Users\jakob\.m2\repository\io\cucumber\docstring\7.0.0\docstring-7.0.0.jar;C:\Users\jakob\.m2\repository\io\cucumber\html-formatter\17.0.0\html-formatter-17.0.0.jar;C:\Users\jakob\.m2\repository\io\cucumber\create-meta\6.0.1\create-meta-6.0.1.jar;C:\Users\jakob\.m2\repository\org\apiguardian\apiguardian-api\1.1.2\apiguardian-api-1.1.2.jar;C:\Users\jakob\.m2\repository\io\cucumber\cucumber-junit\7.0.0\cucumber-junit-7.0.0.jar;C:\Users\jakob\.m2\repository\junit\junit\4.13.2\junit-4.13.2.jar;C:\Users\jakob\.m2\repository\org\hamcrest\hamcrest-core\1.3\hamcrest-core-1.3.jar;C:\Users\jakob\.m2\repository\org\openjfx\javafx-controls\19\javafx-controls-19.jar;C:\Users\jakob\.m2\repository\org\openjfx\javafx-fxml\19\javafx-fxml-19.jar;C:\Users\jakob\.m2\repository\org\openjfx\javafx-graphics\19\javafx-graphics-19.jar;C:\Users\jakob\.m2\repository\org\openjfx\javafx-base\19\javafx-base-19.jar;C:\Users\jakob\.m2\repository\org\openjfx\javafx-web\19\javafx-web-19.jar;C:\Users\jakob\.m2\repository\org\openjfx\javafx-web\19\javafx-web-19-win.jar;C:\Users\jakob\.m2\repository\org\openjfx\javafx-media\19\javafx-media-19.jar;C:\Users\jakob\.m2\repository\org\openjfx\javafx-media\19\javafx-media-19-win.jar;C:\Users\jakob\.m2\repository\com\akathist\maven\plugins\launch4j\launch4j-maven-plugin\2.5.1\launch4j-maven-plugin-2.5.1.jar;C:\Users\jakob\.m2\repository\net\sf\launch4j\launch4j\3.50\launch4j-3.50-core.jar;C:\Users\jakob\.m2\repository\commons-beanutils\commons-beanutils\1.9.4\commons-beanutils-1.9.4.jar;C:\Users\jakob\.m2\repository\com\jgoodies\jgoodies-common\1.7.0\jgoodies-common-1.7.0.jar;C:\Users\jakob\.m2\repository\com\jgoodies\forms\1.2.1\forms-1.2.1.jar;C:\Users\jakob\.m2\repository\com\formdev\flatlaf\1.0\flatlaf-1.0.jar;C:\Users\jakob\.m2\repository\org\apache\ant\ant\1.10.14\ant-1.10.14.jar;C:\Users\jakob\.m2\repository\org\apache\ant\ant-launcher\1.10.14\ant-launcher-1.10.14.jar;C:\Users\jakob\.m2\repository\com\thoughtworks\xstream\xstream\1.4.20\xstream-1.4.20.jar;C:\Users\jakob\.m2\repository\io\github\x-stream\mxparser\1.2.2\mxparser-1.2.2.jar;C:\Users\jakob\.m2\repository\xmlpull\xmlpull\1.1.3.1\xmlpull-1.1.3.1.jar;C:\Users\jakob\.m2\repository\org\apache\commons\commons-lang3\3.14.0\commons-lang3-3.14.0.jar;C:\Users\jakob\.m2\repository\org\apache\pdfbox\fontbox\2.0.29\fontbox-2.0.29.jar;C:\Users\jakob\.m2\repository\commons-logging\commons-logging\1.2\commons-logging-1.2.jar;C:\Users\jakob\.m2\repository\org\apache\maven\surefire\surefire-junit4\3.2.2\surefire-junit4-3.2.2.jar;C:\Users\jakob\.m2\repository\org\apache\maven\surefire\common-java5\3.2.2\common-java5-3.2.2.jar;C:\Users\jakob\.m2\repository\org\apache\maven\surefire\common-junit3\3.2.2\common-junit3-3.2.2.jar;C:\Users\jakob\.m2\repository\org\apache\maven\surefire\common-junit4\3.2.2\common-junit4-3.2.2.jar"/>
    <property name="user.script" value=""/>
    <property name="sun.management.compiler" value="HotSpot 64-Bit Tiered Compilers"/>
    <property name="java.runtime.version" value="19.0.1+10-21"/>
    <property name="user.name" value="jakob"/>
    <property name="stdout.encoding" value="Cp1252"/>
    <property name="path.separator" value=";"/>
    <property name="os.version" value="10.0"/>
    <property name="java.runtime.name" value="Java(TM) SE Runtime Environment"/>
    <property name="file.encoding" value="UTF-8"/>
    <property name="java.vm.name" value="Java HotSpot(TM) 64-Bit Server VM"/>
    <property name="localRepository" value="C:\Users\jakob\.m2\repository"/>
    <property name="java.vendor.url.bug" value="https://bugreport.java.com/bugreport/"/>
    <property name="java.io.tmpdir" value="C:\Users\jakob\AppData\Local\Temp\"/>
    <property name="java.version" value="19.0.1"/>
    <property name="user.dir" value="C:\Users\jakob\Documents\DTU\3_year\Bachelor\midplan"/>
    <property name="os.arch" value="amd64"/>
    <property name="java.vm.specification.name" value="Java Virtual Machine Specification"/>
    <property name="sun.os.patch.level" value=""/>
    <property name="native.encoding" value="Cp1252"/>
    <property name="java.library.path" value="C:\Program Files\Java\jdk-19+fx-19\bin;C:\WINDOWS\Sun\Java\bin;C:\WINDOWS\system32;C:\WINDOWS;C:\Users\jakob\anaconda3\condabin;C:\Program Files\Java\jdk-19+fx-19\bin;C:\Program Files (x86)\Razer Chroma SDK\bin;C:\Program Files\Razer Chroma SDK\bin;C:\Program Files (x86)\Razer\ChromaBroadcast\bin;C:\Program Files\Razer\ChromaBroadcast\bin;C:\Program Files\Eclipse Adoptium\jdk-21.0.1.12-hotspot\bin;C:\Users\jakob\Documents\DTU\2_year\2023E\ComputerSystems\jdk8u382-b05\bin;C:\Program Files\Common Files\Oracle\Java\javapath;C:\Windows\system32;C:\Windows;C:\Windows\System32\Wbem;C:\Windows\System32\WindowsPowerShell\v1.0\;C:\Windows\System32\OpenSSH\;C:\Program Files (x86)\NVIDIA Corporation\PhysX\Common;C:\Program Files\NVIDIA Corporation\NVIDIA NvDLISR;C:\WINDOWS\system32;C:\WINDOWS;C:\WINDOWS\System32\Wbem;C:\WINDOWS\System32\WindowsPowerShell\v1.0\;C:\WINDOWS\System32\OpenSSH\;C:\Program Files\Git\cmd;C:\Program Files\dotnet\;\MinGW\bin;C:\Program Files (x86)\sbt\bin;C:\Users\jakob\AppData\Local\Programs\Python\Python312\Scripts\;C:\Users\jakob\AppData\Local\Programs\Python\Python312\;C:\Users\jakob\AppData\Local\Programs\Python\Launcher\;C:\Users\jakob\AppData\Local\Microsoft\WindowsApps;C:\src\flutter\bin;C:\Users\jakob\AppData\Local\Programs\Microsoft VS Code\bin;C:\Users\jakob\.dotnet\tools;C:\Users\jakob\Documents\DTU\2_year\2023E\Fordelte_app\apache-maven-3.9.6\bin;C:\Users\jakob\Documents\DTU\2_year\2023E\Fordelte_app\javafx-sdk-21.0.1\bin;C:\Users\jakob\Documents\DTU\2_year\2023E\Fordelte_app\javafx-sdk-21.0.1\lib;C:\Users\jakob\anaconda3\Scripts;C:\WINDOWS\system32\config\systemprofile\AppData\Local\Microsoft\WindowsApps;C:\Users\jakob\AppData\Local\Programs\Python\Python312\Scripts\;C:\Users\jakob\AppData\Local\Programs\Python\Python312\;C:\Users\jakob\AppData\Local\Programs\Python\Launcher\;C:\Users\jakob\AppData\Local\Microsoft\WindowsApps;C:\src\flutter\bin;C:\Users\jakob\AppData\Local\Programs\Microsoft VS Code\bin;C:\Users\jakob\.dotnet\tools;C:\Users\jakob\Documents\DTU\2_year\2023E\Fordelte_app\apache-maven-3.9.6\bin;C:\Users\jakob\Documents\DTU\2_year\2023E\Fordelte_app\javafx-sdk-21.0.1\bin;C:\Users\jakob\Documents\DTU\2_year\2023E\Fordelte_app\javafx-sdk-21.0.1\lib;C:\Users\jakob\anaconda3\Scripts;;."/>
    <property name="java.vm.info" value="mixed mode"/>
    <property name="stderr.encoding" value="Cp1252"/>
    <property name="java.vendor" value="Oracle Corporation"/>
    <property name="java.vm.version" value="19.0.1+10-21"/>
    <property name="sun.io.unicode.encoding" value="UnicodeLittle"/>
    <property name="java.class.version" value="63.0"/>
  </properties>
  <testcase name="Flow is added to a normal edge" classname="Adding flow to edges" time="0.057"/>
  <testcase name="Flow is added to a residual edge" classname="Adding flow to edges" time="0.009"/>
  <testcase name="Employees are correctly portrayed in the graph" classname="Making the graph" time="0.038"/>
  <testcase name="Employees have preferences which are denied in tabu search" classname="Checking whether preferences are handled" time="0.015">
    <system-out><![CDATA[invalid Shifts: 0
new size of invalidPaths: 0
Initial objective value (spread): 1683144
Initial objective value (dist): 1667944
Hours wanted: 3136, Hours available: 304, impossibleHours: 2832
expected value: 500000, actual value: 500000
]]></system-out>
  </testcase>
</testsuite>